2019-09-19 15:57:14,608 [Worker-1: Loading available Gradle versions] INFO  o.e.b.c.i.u.g.PublishedGradleVersions - Gradle version information cache is up-to-date. Trying to read.
2019-09-19 15:58:40,241 [Worker-3: Creating maven-archetype-quickstart] INFO  o.e.m.c.i.p.ProjectConfigurationManager - Collecting project info '/pom.xml' E:\LamViec2\clickofbankservices\trunk\01.SourceCode\01.4Core\core\pom.xml
2019-09-19 15:58:44,375 [Worker-3: Creating maven-archetype-quickstart] INFO  o.e.m.c.i.e.AbstractTransferListenerAdapter - Downloading https://repo.maven.apache.org/maven2/org/apache/maven/plugins/maven-surefire-plugin/2.12.4/maven-surefire-plugin-2.12.4.jar
2019-09-19 15:58:44,853 [Worker-3: Creating maven-archetype-quickstart] INFO  o.e.m.c.i.e.AbstractTransferListenerAdapter - Downloaded https://repo.maven.apache.org/maven2/org/apache/maven/plugins/maven-surefire-plugin/2.12.4/maven-surefire-plugin-2.12.4.jar
2019-09-19 15:58:45,335 [Worker-3: Creating maven-archetype-quickstart] INFO  o.e.m.c.i.e.AbstractTransferListenerAdapter - Downloading https://repo.maven.apache.org/maven2/org/apache/maven/plugins/maven-jar-plugin/2.4/maven-jar-plugin-2.4.jar
2019-09-19 15:58:45,871 [Worker-3: Creating maven-archetype-quickstart] INFO  o.e.m.c.i.e.AbstractTransferListenerAdapter - Downloaded https://repo.maven.apache.org/maven2/org/apache/maven/plugins/maven-jar-plugin/2.4/maven-jar-plugin-2.4.jar
2019-09-19 15:58:46,256 [Worker-3: Creating maven-archetype-quickstart] INFO  o.e.m.c.i.e.AbstractTransferListenerAdapter - Downloading https://repo.maven.apache.org/maven2/org/apache/maven/plugins/maven-install-plugin/2.4/maven-install-plugin-2.4.jar
2019-09-19 15:58:46,596 [Worker-3: Creating maven-archetype-quickstart] INFO  o.e.m.c.i.e.AbstractTransferListenerAdapter - Downloaded https://repo.maven.apache.org/maven2/org/apache/maven/plugins/maven-install-plugin/2.4/maven-install-plugin-2.4.jar
2019-09-19 15:58:46,975 [Worker-3: Creating maven-archetype-quickstart] INFO  o.e.m.c.i.e.AbstractTransferListenerAdapter - Downloading https://repo.maven.apache.org/maven2/org/apache/maven/plugins/maven-deploy-plugin/2.7/maven-deploy-plugin-2.7.jar
2019-09-19 15:58:47,310 [Worker-3: Creating maven-archetype-quickstart] INFO  o.e.m.c.i.e.AbstractTransferListenerAdapter - Downloaded https://repo.maven.apache.org/maven2/org/apache/maven/plugins/maven-deploy-plugin/2.7/maven-deploy-plugin-2.7.jar
2019-09-19 15:58:47,707 [Worker-3: Creating maven-archetype-quickstart] INFO  o.e.m.c.i.e.AbstractTransferListenerAdapter - Downloading https://repo.maven.apache.org/maven2/org/apache/maven/plugins/maven-site-plugin/3.3/maven-site-plugin-3.3.jar
2019-09-19 15:58:48,263 [Worker-3: Creating maven-archetype-quickstart] INFO  o.e.m.c.i.e.AbstractTransferListenerAdapter - Downloaded https://repo.maven.apache.org/maven2/org/apache/maven/plugins/maven-site-plugin/3.3/maven-site-plugin-3.3.jar
2019-09-19 15:58:53,026 [Worker-3: Creating maven-archetype-quickstart] INFO  o.e.m.c.i.l.LifecycleMappingFactory - Using org.eclipse.m2e.jdt.JarLifecycleMapping lifecycle mapping for MavenProject: cob.com:core:0.0.1-SNAPSHOT @ E:\LamViec2\clickofbankservices\trunk\01.SourceCode\01.4Core\core\pom.xml.
2019-09-19 15:58:54,029 [Worker-3: Creating maven-archetype-quickstart] INFO  o.e.m.c.i.e.AbstractTransferListenerAdapter - Downloading https://repo.maven.apache.org/maven2/org/apache/maven/plugins/maven-surefire-plugin/2.12.4/maven-surefire-plugin-2.12.4.pom
2019-09-19 15:58:54,439 [Worker-3: Creating maven-archetype-quickstart] INFO  o.e.m.c.i.e.AbstractTransferListenerAdapter - Downloaded https://repo.maven.apache.org/maven2/org/apache/maven/plugins/maven-surefire-plugin/2.12.4/maven-surefire-plugin-2.12.4.pom
2019-09-19 15:58:54,669 [Worker-3: Creating maven-archetype-quickstart] INFO  o.e.m.c.i.e.AbstractTransferListenerAdapter - Downloading https://repo.maven.apache.org/maven2/org/apache/maven/surefire/surefire/2.12.4/surefire-2.12.4.pom
2019-09-19 15:58:54,903 [Worker-3: Creating maven-archetype-quickstart] INFO  o.e.m.c.i.e.AbstractTransferListenerAdapter - Downloaded https://repo.maven.apache.org/maven2/org/apache/maven/surefire/surefire/2.12.4/surefire-2.12.4.pom
2019-09-19 15:58:55,123 [Worker-3: Creating maven-archetype-quickstart] INFO  o.e.m.c.i.e.AbstractTransferListenerAdapter - Downloading https://repo.maven.apache.org/maven2/org/apache/maven/plugins/maven-jar-plugin/2.4/maven-jar-plugin-2.4.pom
2019-09-19 15:58:55,350 [Worker-3: Creating maven-archetype-quickstart] INFO  o.e.m.c.i.e.AbstractTransferListenerAdapter - Downloaded https://repo.maven.apache.org/maven2/org/apache/maven/plugins/maven-jar-plugin/2.4/maven-jar-plugin-2.4.pom
2019-09-19 15:58:55,902 [Worker-3: Creating maven-archetype-quickstart] INFO  o.e.m.c.i.e.AbstractTransferListenerAdapter - Downloading https://repo.maven.apache.org/maven2/commons-lang/commons-lang/2.1/commons-lang-2.1.pom
2019-09-19 15:58:56,120 [Worker-3: Creating maven-archetype-quickstart] INFO  o.e.m.c.i.e.AbstractTransferListenerAdapter - Downloaded https://repo.maven.apache.org/maven2/commons-lang/commons-lang/2.1/commons-lang-2.1.pom
2019-09-19 15:58:56,380 [Worker-3: Creating maven-archetype-quickstart] INFO  o.e.m.c.i.e.AbstractTransferListenerAdapter - Downloading https://repo.maven.apache.org/maven2/classworlds/classworlds/1.1-alpha-2/classworlds-1.1-alpha-2.jar
2019-09-19 15:58:57,012 [Worker-3: Creating maven-archetype-quickstart] INFO  o.e.m.c.i.e.AbstractTransferListenerAdapter - Downloaded https://repo.maven.apache.org/maven2/classworlds/classworlds/1.1-alpha-2/classworlds-1.1-alpha-2.jar
2019-09-19 15:58:57,205 [Worker-3: Creating maven-archetype-quickstart] INFO  o.e.m.c.i.e.AbstractTransferListenerAdapter - Downloading https://repo.maven.apache.org/maven2/org/codehaus/plexus/plexus-interpolation/1.15/plexus-interpolation-1.15.jar
2019-09-19 15:58:57,736 [Worker-3: Creating maven-archetype-quickstart] INFO  o.e.m.c.i.e.AbstractTransferListenerAdapter - Downloaded https://repo.maven.apache.org/maven2/org/codehaus/plexus/plexus-interpolation/1.15/plexus-interpolation-1.15.jar
2019-09-19 15:58:57,950 [Worker-3: Creating maven-archetype-quickstart] INFO  o.e.m.c.i.e.AbstractTransferListenerAdapter - Downloading https://repo.maven.apache.org/maven2/org/codehaus/plexus/plexus-archiver/2.1/plexus-archiver-2.1.jar
2019-09-19 15:58:58,658 [Worker-3: Creating maven-archetype-quickstart] INFO  o.e.m.c.i.e.AbstractTransferListenerAdapter - Downloaded https://repo.maven.apache.org/maven2/org/codehaus/plexus/plexus-archiver/2.1/plexus-archiver-2.1.jar
2019-09-19 15:58:58,849 [Worker-3: Creating maven-archetype-quickstart] INFO  o.e.m.c.i.e.AbstractTransferListenerAdapter - Downloading https://repo.maven.apache.org/maven2/org/codehaus/plexus/plexus-io/2.0.2/plexus-io-2.0.2.jar
2019-09-19 15:58:59,192 [Worker-3: Creating maven-archetype-quickstart] INFO  o.e.m.c.i.e.AbstractTransferListenerAdapter - Downloaded https://repo.maven.apache.org/maven2/org/codehaus/plexus/plexus-io/2.0.2/plexus-io-2.0.2.jar
2019-09-19 15:58:59,384 [Worker-3: Creating maven-archetype-quickstart] INFO  o.e.m.c.i.e.AbstractTransferListenerAdapter - Downloading https://repo.maven.apache.org/maven2/commons-lang/commons-lang/2.1/commons-lang-2.1.jar
2019-09-19 15:58:59,623 [Worker-3: Creating maven-archetype-quickstart] INFO  o.e.m.c.i.e.AbstractTransferListenerAdapter - Downloaded https://repo.maven.apache.org/maven2/commons-lang/commons-lang/2.1/commons-lang-2.1.jar
2019-09-19 15:58:59,816 [Worker-3: Creating maven-archetype-quickstart] INFO  o.e.m.c.i.e.AbstractTransferListenerAdapter - Downloading https://repo.maven.apache.org/maven2/org/codehaus/plexus/plexus-utils/3.0/plexus-utils-3.0.jar
2019-09-19 15:59:00,477 [Worker-3: Creating maven-archetype-quickstart] INFO  o.e.m.c.i.e.AbstractTransferListenerAdapter - Downloaded https://repo.maven.apache.org/maven2/org/codehaus/plexus/plexus-utils/3.0/plexus-utils-3.0.jar
2019-09-19 15:59:04,543 [Worker-9: Download sources and javadoc] INFO  o.e.m.c.i.e.AbstractTransferListenerAdapter - Downloading https://repo.maven.apache.org/maven2/junit/junit/3.8.1/junit-3.8.1-sources.jar
2019-09-19 15:59:05,147 [Worker-9: Download sources and javadoc] INFO  o.e.m.c.i.e.AbstractTransferListenerAdapter - Downloaded https://repo.maven.apache.org/maven2/junit/junit/3.8.1/junit-3.8.1-sources.jar
2019-09-19 15:59:05,197 [Worker-3: Creating maven-archetype-quickstart] INFO  o.e.m.j.i.AbstractJavaProjectConfigurator - Adding source folder /core/src/main/java
2019-09-19 15:59:05,213 [Worker-3: Creating maven-archetype-quickstart] INFO  o.e.m.j.i.AbstractJavaProjectConfigurator - Adding source folder /core/src/test/java
2019-09-19 15:59:05,518 [Worker-9: Download sources and javadoc] INFO  o.e.m.j.internal.DownloadSourcesJob - Downloaded sources for junit:junit:3.8.1
2019-09-19 15:59:06,186 [Worker-3: Creating maven-archetype-quickstart] INFO  o.e.m.c.i.p.ProjectConfigurationManager - Imported and configured 1 project(s) in 25 sec
2019-09-19 15:59:08,887 [Worker-8: Building workspace] INFO  o.e.m.c.i.embedder.EclipseLogger - Using 'UTF-8' encoding to copy filtered resources.
2019-09-19 15:59:08,888 [Worker-8: Building workspace] INFO  o.e.m.c.i.embedder.EclipseLogger - skip non existing resourceDirectory E:\LamViec2\clickofbankservices\trunk\01.SourceCode\01.4Core\core\src\main\resources
2019-09-19 15:59:08,891 [Worker-8: Building workspace] INFO  o.e.m.c.i.embedder.EclipseLogger - Using 'UTF-8' encoding to copy filtered resources.
2019-09-19 15:59:08,891 [Worker-8: Building workspace] INFO  o.e.m.c.i.embedder.EclipseLogger - skip non existing resourceDirectory E:\LamViec2\clickofbankservices\trunk\01.SourceCode\01.4Core\core\src\test\resources
2019-09-19 16:01:30,256 [Worker-3: Building workspace] INFO  o.e.m.c.i.l.LifecycleMappingFactory - Using org.eclipse.m2e.jdt.JarLifecycleMapping lifecycle mapping for MavenProject: cob.com:core:0.0.1-SNAPSHOT @ E:\LamViec2\clickofbankservices\trunk\01.SourceCode\01.4Core\core\pom.xml.
2019-09-19 16:01:37,867 [Worker-3: Building workspace] INFO  o.e.m.c.i.embedder.EclipseLogger - Using 'UTF-8' encoding to copy filtered resources.
2019-09-19 16:01:37,868 [Worker-3: Building workspace] INFO  o.e.m.c.i.embedder.EclipseLogger - skip non existing resourceDirectory E:\LamViec2\clickofbankservices\trunk\01.SourceCode\01.4Core\core\src\main\resources
2019-09-19 16:01:37,868 [Worker-3: Building workspace] INFO  o.e.m.c.i.embedder.EclipseLogger - skip non existing resourceDirectory E:\LamViec2\clickofbankservices\trunk\01.SourceCode\01.4Core\core\src\main\resources
2019-09-19 16:01:37,873 [Worker-3: Building workspace] INFO  o.e.m.c.i.embedder.EclipseLogger - Using 'UTF-8' encoding to copy filtered resources.
2019-09-19 16:01:37,873 [Worker-3: Building workspace] INFO  o.e.m.c.i.embedder.EclipseLogger - skip non existing resourceDirectory E:\LamViec2\clickofbankservices\trunk\01.SourceCode\01.4Core\core\src\test\resources
2019-09-19 16:01:43,804 [Worker-12: Building workspace] INFO  o.e.m.c.i.embedder.EclipseLogger - Using 'UTF-8' encoding to copy filtered resources.
2019-09-19 16:01:43,805 [Worker-12: Building workspace] INFO  o.e.m.c.i.embedder.EclipseLogger - skip non existing resourceDirectory E:\LamViec2\clickofbankservices\trunk\01.SourceCode\01.4Core\core\src\main\resources
2019-09-19 16:01:43,805 [Worker-12: Building workspace] INFO  o.e.m.c.i.embedder.EclipseLogger - skip non existing resourceDirectory E:\LamViec2\clickofbankservices\trunk\01.SourceCode\01.4Core\core\src\main\resources
2019-09-19 16:01:43,807 [Worker-12: Building workspace] INFO  o.e.m.c.i.embedder.EclipseLogger - Using 'UTF-8' encoding to copy filtered resources.
2019-09-19 16:01:43,808 [Worker-12: Building workspace] INFO  o.e.m.c.i.embedder.EclipseLogger - skip non existing resourceDirectory E:\LamViec2\clickofbankservices\trunk\01.SourceCode\01.4Core\core\src\test\resources
2019-09-19 16:04:18,664 [Worker-13: Building workspace] INFO  o.e.m.c.i.l.LifecycleMappingFactory - Using org.eclipse.m2e.jdt.JarLifecycleMapping lifecycle mapping for MavenProject: cob.com:core:0.0.1-SNAPSHOT @ E:\LamViec2\clickofbankservices\trunk\01.SourceCode\01.4Core\core\pom.xml.
2019-09-19 16:04:20,318 [Worker-13: Building workspace] INFO  o.e.m.c.i.embedder.EclipseLogger - Using 'UTF-8' encoding to copy filtered resources.
2019-09-19 16:04:20,318 [Worker-13: Building workspace] INFO  o.e.m.c.i.embedder.EclipseLogger - skip non existing resourceDirectory E:\LamViec2\clickofbankservices\trunk\01.SourceCode\01.4Core\core\src\main\resources
2019-09-19 16:04:20,319 [Worker-13: Building workspace] INFO  o.e.m.c.i.embedder.EclipseLogger - skip non existing resourceDirectory E:\LamViec2\clickofbankservices\trunk\01.SourceCode\01.4Core\core\src\main\resources
2019-09-19 16:04:20,322 [Worker-13: Building workspace] INFO  o.e.m.c.i.embedder.EclipseLogger - Using 'UTF-8' encoding to copy filtered resources.
2019-09-19 16:04:20,322 [Worker-13: Building workspace] INFO  o.e.m.c.i.embedder.EclipseLogger - skip non existing resourceDirectory E:\LamViec2\clickofbankservices\trunk\01.SourceCode\01.4Core\core\src\test\resources
2019-09-19 16:05:08,721 [Worker-14: Building workspace] INFO  o.e.m.c.i.embedder.EclipseLogger - Using 'UTF-8' encoding to copy filtered resources.
2019-09-19 16:05:08,721 [Worker-14: Building workspace] INFO  o.e.m.c.i.embedder.EclipseLogger - skip non existing resourceDirectory E:\LamViec2\clickofbankservices\trunk\01.SourceCode\01.4Core\core\src\main\resources
2019-09-19 16:05:08,721 [Worker-14: Building workspace] INFO  o.e.m.c.i.embedder.EclipseLogger - skip non existing resourceDirectory E:\LamViec2\clickofbankservices\trunk\01.SourceCode\01.4Core\core\src\main\resources
2019-09-19 16:05:08,728 [Worker-14: Building workspace] INFO  o.e.m.c.i.embedder.EclipseLogger - Using 'UTF-8' encoding to copy filtered resources.
2019-09-19 16:05:08,728 [Worker-14: Building workspace] INFO  o.e.m.c.i.embedder.EclipseLogger - skip non existing resourceDirectory E:\LamViec2\clickofbankservices\trunk\01.SourceCode\01.4Core\core\src\test\resources
2019-09-19 16:05:27,423 [Worker-13: Building workspace] INFO  o.e.m.c.i.embedder.EclipseLogger - Using 'UTF-8' encoding to copy filtered resources.
2019-09-19 16:05:27,423 [Worker-13: Building workspace] INFO  o.e.m.c.i.embedder.EclipseLogger - skip non existing resourceDirectory E:\LamViec2\clickofbankservices\trunk\01.SourceCode\01.4Core\core\src\main\resources
2019-09-19 16:05:27,423 [Worker-13: Building workspace] INFO  o.e.m.c.i.embedder.EclipseLogger - skip non existing resourceDirectory E:\LamViec2\clickofbankservices\trunk\01.SourceCode\01.4Core\core\src\main\resources
2019-09-19 16:05:27,427 [Worker-13: Building workspace] INFO  o.e.m.c.i.embedder.EclipseLogger - Using 'UTF-8' encoding to copy filtered resources.
2019-09-19 16:05:27,427 [Worker-13: Building workspace] INFO  o.e.m.c.i.embedder.EclipseLogger - skip non existing resourceDirectory E:\LamViec2\clickofbankservices\trunk\01.SourceCode\01.4Core\core\src\test\resources
2019-09-19 16:05:51,524 [Worker-4: Building workspace] INFO  o.e.m.c.i.embedder.EclipseLogger - Using 'UTF-8' encoding to copy filtered resources.
2019-09-19 16:05:51,524 [Worker-4: Building workspace] INFO  o.e.m.c.i.embedder.EclipseLogger - skip non existing resourceDirectory E:\LamViec2\clickofbankservices\trunk\01.SourceCode\01.4Core\core\src\main\resources
2019-09-19 16:05:51,524 [Worker-4: Building workspace] INFO  o.e.m.c.i.embedder.EclipseLogger - skip non existing resourceDirectory E:\LamViec2\clickofbankservices\trunk\01.SourceCode\01.4Core\core\src\main\resources
2019-09-19 16:05:51,527 [Worker-4: Building workspace] INFO  o.e.m.c.i.embedder.EclipseLogger - Using 'UTF-8' encoding to copy filtered resources.
2019-09-19 16:05:51,528 [Worker-4: Building workspace] INFO  o.e.m.c.i.embedder.EclipseLogger - skip non existing resourceDirectory E:\LamViec2\clickofbankservices\trunk\01.SourceCode\01.4Core\core\src\test\resources
2019-09-19 16:05:52,709 [Worker-3: Building workspace] INFO  o.e.m.c.i.embedder.EclipseLogger - Using 'UTF-8' encoding to copy filtered resources.
2019-09-19 16:05:52,709 [Worker-3: Building workspace] INFO  o.e.m.c.i.embedder.EclipseLogger - skip non existing resourceDirectory E:\LamViec2\clickofbankservices\trunk\01.SourceCode\01.4Core\core\src\main\resources
2019-09-19 16:05:52,709 [Worker-3: Building workspace] INFO  o.e.m.c.i.embedder.EclipseLogger - skip non existing resourceDirectory E:\LamViec2\clickofbankservices\trunk\01.SourceCode\01.4Core\core\src\main\resources
2019-09-19 16:05:52,713 [Worker-3: Building workspace] INFO  o.e.m.c.i.embedder.EclipseLogger - Using 'UTF-8' encoding to copy filtered resources.
2019-09-19 16:05:52,713 [Worker-3: Building workspace] INFO  o.e.m.c.i.embedder.EclipseLogger - skip non existing resourceDirectory E:\LamViec2\clickofbankservices\trunk\01.SourceCode\01.4Core\core\src\test\resources
2019-09-19 16:06:38,302 [Worker-5: Building workspace] INFO  o.e.m.c.i.embedder.EclipseLogger - Using 'UTF-8' encoding to copy filtered resources.
2019-09-19 16:06:38,303 [Worker-5: Building workspace] INFO  o.e.m.c.i.embedder.EclipseLogger - skip non existing resourceDirectory E:\LamViec2\clickofbankservices\trunk\01.SourceCode\01.4Core\core\src\main\resources
2019-09-19 16:06:38,303 [Worker-5: Building workspace] INFO  o.e.m.c.i.embedder.EclipseLogger - skip non existing resourceDirectory E:\LamViec2\clickofbankservices\trunk\01.SourceCode\01.4Core\core\src\main\resources
2019-09-19 16:06:38,316 [Worker-5: Building workspace] INFO  o.e.m.c.i.embedder.EclipseLogger - Using 'UTF-8' encoding to copy filtered resources.
2019-09-19 16:06:38,317 [Worker-5: Building workspace] INFO  o.e.m.c.i.embedder.EclipseLogger - skip non existing resourceDirectory E:\LamViec2\clickofbankservices\trunk\01.SourceCode\01.4Core\core\src\test\resources
2019-09-19 16:07:02,817 [Worker-4: Building workspace] INFO  o.e.m.c.i.embedder.EclipseLogger - Using 'UTF-8' encoding to copy filtered resources.
2019-09-19 16:07:02,817 [Worker-4: Building workspace] INFO  o.e.m.c.i.embedder.EclipseLogger - skip non existing resourceDirectory E:\LamViec2\clickofbankservices\trunk\01.SourceCode\01.4Core\core\src\main\resources
2019-09-19 16:07:02,817 [Worker-4: Building workspace] INFO  o.e.m.c.i.embedder.EclipseLogger - skip non existing resourceDirectory E:\LamViec2\clickofbankservices\trunk\01.SourceCode\01.4Core\core\src\main\resources
2019-09-19 16:07:02,821 [Worker-4: Building workspace] INFO  o.e.m.c.i.embedder.EclipseLogger - Using 'UTF-8' encoding to copy filtered resources.
2019-09-19 16:07:02,821 [Worker-4: Building workspace] INFO  o.e.m.c.i.embedder.EclipseLogger - skip non existing resourceDirectory E:\LamViec2\clickofbankservices\trunk\01.SourceCode\01.4Core\core\src\test\resources
2019-09-19 16:07:26,625 [Worker-13: Building workspace] INFO  o.e.m.c.i.embedder.EclipseLogger - Using 'UTF-8' encoding to copy filtered resources.
2019-09-19 16:07:26,626 [Worker-13: Building workspace] INFO  o.e.m.c.i.embedder.EclipseLogger - skip non existing resourceDirectory E:\LamViec2\clickofbankservices\trunk\01.SourceCode\01.4Core\core\src\main\resources
2019-09-19 16:07:26,626 [Worker-13: Building workspace] INFO  o.e.m.c.i.embedder.EclipseLogger - skip non existing resourceDirectory E:\LamViec2\clickofbankservices\trunk\01.SourceCode\01.4Core\core\src\main\resources
2019-09-19 16:07:26,633 [Worker-13: Building workspace] INFO  o.e.m.c.i.embedder.EclipseLogger - Using 'UTF-8' encoding to copy filtered resources.
2019-09-19 16:07:26,633 [Worker-13: Building workspace] INFO  o.e.m.c.i.embedder.EclipseLogger - skip non existing resourceDirectory E:\LamViec2\clickofbankservices\trunk\01.SourceCode\01.4Core\core\src\test\resources
2019-09-19 16:08:20,371 [Worker-14: Building workspace] INFO  o.e.m.c.i.embedder.EclipseLogger - Using 'UTF-8' encoding to copy filtered resources.
2019-09-19 16:08:20,371 [Worker-14: Building workspace] INFO  o.e.m.c.i.embedder.EclipseLogger - skip non existing resourceDirectory E:\LamViec2\clickofbankservices\trunk\01.SourceCode\01.4Core\core\src\main\resources
2019-09-19 16:08:20,372 [Worker-14: Building workspace] INFO  o.e.m.c.i.embedder.EclipseLogger - skip non existing resourceDirectory E:\LamViec2\clickofbankservices\trunk\01.SourceCode\01.4Core\core\src\main\resources
2019-09-19 16:08:20,376 [Worker-14: Building workspace] INFO  o.e.m.c.i.embedder.EclipseLogger - Using 'UTF-8' encoding to copy filtered resources.
2019-09-19 16:08:20,377 [Worker-14: Building workspace] INFO  o.e.m.c.i.embedder.EclipseLogger - skip non existing resourceDirectory E:\LamViec2\clickofbankservices\trunk\01.SourceCode\01.4Core\core\src\test\resources
2019-09-19 16:08:40,947 [Worker-15: Building workspace] INFO  o.e.m.c.i.embedder.EclipseLogger - Using 'UTF-8' encoding to copy filtered resources.
2019-09-19 16:08:40,948 [Worker-15: Building workspace] INFO  o.e.m.c.i.embedder.EclipseLogger - skip non existing resourceDirectory E:\LamViec2\clickofbankservices\trunk\01.SourceCode\01.4Core\core\src\main\resources
2019-09-19 16:08:40,948 [Worker-15: Building workspace] INFO  o.e.m.c.i.embedder.EclipseLogger - skip non existing resourceDirectory E:\LamViec2\clickofbankservices\trunk\01.SourceCode\01.4Core\core\src\main\resources
2019-09-19 16:08:40,951 [Worker-15: Building workspace] INFO  o.e.m.c.i.embedder.EclipseLogger - Using 'UTF-8' encoding to copy filtered resources.
2019-09-19 16:08:40,951 [Worker-15: Building workspace] INFO  o.e.m.c.i.embedder.EclipseLogger - skip non existing resourceDirectory E:\LamViec2\clickofbankservices\trunk\01.SourceCode\01.4Core\core\src\test\resources
2019-09-19 16:09:00,095 [Worker-5: Building workspace] INFO  o.e.m.c.i.embedder.EclipseLogger - Using 'UTF-8' encoding to copy filtered resources.
2019-09-19 16:09:00,095 [Worker-5: Building workspace] INFO  o.e.m.c.i.embedder.EclipseLogger - skip non existing resourceDirectory E:\LamViec2\clickofbankservices\trunk\01.SourceCode\01.4Core\core\src\main\resources
2019-09-19 16:09:00,096 [Worker-5: Building workspace] INFO  o.e.m.c.i.embedder.EclipseLogger - skip non existing resourceDirectory E:\LamViec2\clickofbankservices\trunk\01.SourceCode\01.4Core\core\src\main\resources
2019-09-19 16:09:00,119 [Worker-5: Building workspace] INFO  o.e.m.c.i.embedder.EclipseLogger - Using 'UTF-8' encoding to copy filtered resources.
2019-09-19 16:09:00,119 [Worker-5: Building workspace] INFO  o.e.m.c.i.embedder.EclipseLogger - skip non existing resourceDirectory E:\LamViec2\clickofbankservices\trunk\01.SourceCode\01.4Core\core\src\test\resources
2019-09-19 16:09:22,902 [Worker-5: Building workspace] INFO  o.e.m.c.i.embedder.EclipseLogger - Using 'UTF-8' encoding to copy filtered resources.
2019-09-19 16:09:22,903 [Worker-5: Building workspace] INFO  o.e.m.c.i.embedder.EclipseLogger - skip non existing resourceDirectory E:\LamViec2\clickofbankservices\trunk\01.SourceCode\01.4Core\core\src\main\resources
2019-09-19 16:09:22,904 [Worker-5: Building workspace] INFO  o.e.m.c.i.embedder.EclipseLogger - skip non existing resourceDirectory E:\LamViec2\clickofbankservices\trunk\01.SourceCode\01.4Core\core\src\main\resources
2019-09-19 16:09:22,908 [Worker-5: Building workspace] INFO  o.e.m.c.i.embedder.EclipseLogger - Using 'UTF-8' encoding to copy filtered resources.
2019-09-19 16:09:22,908 [Worker-5: Building workspace] INFO  o.e.m.c.i.embedder.EclipseLogger - skip non existing resourceDirectory E:\LamViec2\clickofbankservices\trunk\01.SourceCode\01.4Core\core\src\test\resources
2019-09-19 16:09:40,154 [Worker-14: Building workspace] INFO  o.e.m.c.i.embedder.EclipseLogger - Using 'UTF-8' encoding to copy filtered resources.
2019-09-19 16:09:40,154 [Worker-14: Building workspace] INFO  o.e.m.c.i.embedder.EclipseLogger - skip non existing resourceDirectory E:\LamViec2\clickofbankservices\trunk\01.SourceCode\01.4Core\core\src\main\resources
2019-09-19 16:09:40,155 [Worker-14: Building workspace] INFO  o.e.m.c.i.embedder.EclipseLogger - skip non existing resourceDirectory E:\LamViec2\clickofbankservices\trunk\01.SourceCode\01.4Core\core\src\main\resources
2019-09-19 16:09:40,158 [Worker-14: Building workspace] INFO  o.e.m.c.i.embedder.EclipseLogger - Using 'UTF-8' encoding to copy filtered resources.
2019-09-19 16:09:40,158 [Worker-14: Building workspace] INFO  o.e.m.c.i.embedder.EclipseLogger - skip non existing resourceDirectory E:\LamViec2\clickofbankservices\trunk\01.SourceCode\01.4Core\core\src\test\resources
2019-09-19 16:12:08,911 [Worker-5: Building workspace] INFO  o.e.m.c.i.embedder.EclipseLogger - Using 'UTF-8' encoding to copy filtered resources.
2019-09-19 16:12:08,921 [Worker-5: Building workspace] INFO  o.e.m.c.i.embedder.EclipseLogger - Copying 0 resource
2019-09-19 16:12:08,921 [Worker-5: Building workspace] INFO  o.e.m.c.i.embedder.EclipseLogger - Copying 0 resource
2019-09-19 16:12:08,924 [Worker-5: Building workspace] INFO  o.e.m.c.i.embedder.EclipseLogger - Using 'UTF-8' encoding to copy filtered resources.
2019-09-19 16:12:08,924 [Worker-5: Building workspace] INFO  o.e.m.c.i.embedder.EclipseLogger - skip non existing resourceDirectory E:\LamViec2\clickofbankservices\trunk\01.SourceCode\01.4Core\core\src\test\resources
2019-09-19 16:12:56,304 [Worker-5: Building workspace] INFO  o.e.m.c.i.l.LifecycleMappingFactory - Using org.maven.ide.eclipse.wtp.WarLifecycleMapping lifecycle mapping for MavenProject: cob.com:core:0.0.1-SNAPSHOT @ E:\LamViec2\clickofbankservices\trunk\01.SourceCode\01.4Core\core\pom.xml.
2019-09-19 16:12:59,813 [Worker-5: Building workspace] INFO  o.e.m.c.i.embedder.EclipseLogger - Using 'UTF-8' encoding to copy filtered resources.
2019-09-19 16:12:59,824 [Worker-5: Building workspace] INFO  o.e.m.c.i.embedder.EclipseLogger - Copying 0 resource
2019-09-19 16:12:59,826 [Worker-5: Building workspace] INFO  o.e.m.c.i.embedder.EclipseLogger - Copying 0 resource
2019-09-19 16:12:59,830 [Worker-5: Building workspace] INFO  o.e.m.c.i.embedder.EclipseLogger - Using 'UTF-8' encoding to copy filtered resources.
2019-09-19 16:12:59,830 [Worker-5: Building workspace] INFO  o.e.m.c.i.embedder.EclipseLogger - skip non existing resourceDirectory E:\LamViec2\clickofbankservices\trunk\01.SourceCode\01.4Core\core\src\test\resources
2019-09-19 16:12:59,834 [Worker-5: Building workspace] INFO  o.e.m.w.i.f.ResourceFilteringBuildParticipant - Changed resources require a complete clean of filtered resources of core
2019-09-19 16:12:59,835 [Worker-5: Building workspace] INFO  o.e.m.w.i.f.ResourceFilteringBuildParticipant - Executing resource filtering for core
2019-09-19 16:12:59,976 [Worker-5: Building workspace] INFO  o.e.m.c.i.embedder.EclipseLogger - Using 'UTF-8' encoding to copy filtered resources.
2019-09-19 16:13:13,430 [Worker-17: Updating Maven Project] INFO  o.e.m.c.i.p.ProjectConfigurationManager - Update started
2019-09-19 16:13:14,491 [Worker-17: Updating Maven Project] INFO  o.e.m.c.i.l.LifecycleMappingFactory - Using org.maven.ide.eclipse.wtp.WarLifecycleMapping lifecycle mapping for MavenProject: cob.com:core:0.0.1-SNAPSHOT @ E:\LamViec2\clickofbankservices\trunk\01.SourceCode\01.4Core\core\pom.xml.
2019-09-19 16:13:16,840 [Worker-17: Updating Maven Project] INFO  o.e.m.j.i.AbstractJavaProjectConfigurator - Adding source folder /core/src/main/java
2019-09-19 16:13:16,841 [Worker-17: Updating Maven Project] INFO  o.e.m.j.i.AbstractJavaProjectConfigurator - Adding resource folder /core/src/main/resources
2019-09-19 16:13:16,863 [Worker-17: Updating Maven Project] INFO  o.e.m.j.i.AbstractJavaProjectConfigurator - Adding resource folder /core/src/main/resources
2019-09-19 16:13:16,864 [Worker-17: Updating Maven Project] INFO  o.e.m.j.i.AbstractJavaProjectConfigurator - Adding source folder /core/src/test/java
2019-09-19 16:13:22,881 [Worker-17: Updating Maven Project] INFO  o.e.m.w.i.f.ResourceFilteringBuildParticipant - Cleaning filtered folder for core
2019-09-19 16:13:23,778 [Worker-17: Updating Maven Project] INFO  o.e.m.c.i.p.ProjectConfigurationManager - Update completed: 10 sec
2019-09-19 16:13:26,534 [Worker-27: Building workspace] INFO  o.e.m.c.i.embedder.EclipseLogger - Using 'UTF-8' encoding to copy filtered resources.
2019-09-19 16:13:26,538 [Worker-27: Building workspace] INFO  o.e.m.c.i.embedder.EclipseLogger - Copying 0 resource
2019-09-19 16:13:26,538 [Worker-27: Building workspace] INFO  o.e.m.c.i.embedder.EclipseLogger - Copying 0 resource
2019-09-19 16:13:26,542 [Worker-27: Building workspace] INFO  o.e.m.c.i.embedder.EclipseLogger - Using 'UTF-8' encoding to copy filtered resources.
2019-09-19 16:13:26,542 [Worker-27: Building workspace] INFO  o.e.m.c.i.embedder.EclipseLogger - skip non existing resourceDirectory E:\LamViec2\clickofbankservices\trunk\01.SourceCode\01.4Core\core\src\test\resources
2019-09-19 16:13:26,542 [Worker-27: Building workspace] INFO  o.e.m.w.i.f.ResourceFilteringBuildParticipant - Changed resources require a complete clean of filtered resources of core
2019-09-19 16:13:26,542 [Worker-27: Building workspace] INFO  o.e.m.w.i.f.ResourceFilteringBuildParticipant - Executing resource filtering for core
2019-09-19 16:13:26,547 [Worker-27: Building workspace] INFO  o.e.m.c.i.embedder.EclipseLogger - Using 'UTF-8' encoding to copy filtered resources.
2019-09-19 16:14:26,155 [Worker-19: Building workspace] INFO  o.e.m.c.i.embedder.EclipseLogger - Using 'UTF-8' encoding to copy filtered resources.
2019-09-19 16:14:26,161 [Worker-19: Building workspace] INFO  o.e.m.c.i.embedder.EclipseLogger - Copying 0 resource
2019-09-19 16:14:26,162 [Worker-19: Building workspace] INFO  o.e.m.c.i.embedder.EclipseLogger - Copying 0 resource
2019-09-19 16:14:26,164 [Worker-19: Building workspace] INFO  o.e.m.c.i.embedder.EclipseLogger - Using 'UTF-8' encoding to copy filtered resources.
2019-09-19 16:14:26,165 [Worker-19: Building workspace] INFO  o.e.m.c.i.embedder.EclipseLogger - skip non existing resourceDirectory E:\LamViec2\clickofbankservices\trunk\01.SourceCode\01.4Core\core\src\test\resources
2019-09-19 16:16:16,849 [Worker-20: Building workspace] INFO  o.e.m.c.i.embedder.EclipseLogger - Using 'UTF-8' encoding to copy filtered resources.
2019-09-19 16:16:16,850 [Worker-20: Building workspace] INFO  o.e.m.c.i.embedder.EclipseLogger - Copying 0 resource
2019-09-19 16:16:16,850 [Worker-20: Building workspace] INFO  o.e.m.c.i.embedder.EclipseLogger - Copying 0 resource
2019-09-19 16:16:16,853 [Worker-20: Building workspace] INFO  o.e.m.c.i.embedder.EclipseLogger - Using 'UTF-8' encoding to copy filtered resources.
2019-09-19 16:16:16,853 [Worker-20: Building workspace] INFO  o.e.m.c.i.embedder.EclipseLogger - skip non existing resourceDirectory E:\LamViec2\clickofbankservices\trunk\01.SourceCode\01.4Core\core\src\test\resources
2019-09-19 16:16:33,446 [Worker-4: Building workspace] INFO  o.e.m.c.i.embedder.EclipseLogger - Using 'UTF-8' encoding to copy filtered resources.
2019-09-19 16:16:33,446 [Worker-4: Building workspace] INFO  o.e.m.c.i.embedder.EclipseLogger - Copying 0 resource
2019-09-19 16:16:33,447 [Worker-4: Building workspace] INFO  o.e.m.c.i.embedder.EclipseLogger - Copying 0 resource
2019-09-19 16:16:33,449 [Worker-4: Building workspace] INFO  o.e.m.c.i.embedder.EclipseLogger - Using 'UTF-8' encoding to copy filtered resources.
2019-09-19 16:16:33,449 [Worker-4: Building workspace] INFO  o.e.m.c.i.embedder.EclipseLogger - skip non existing resourceDirectory E:\LamViec2\clickofbankservices\trunk\01.SourceCode\01.4Core\core\src\test\resources
2019-09-19 16:18:39,468 [Worker-21: Building workspace] INFO  o.e.m.c.i.embedder.EclipseLogger - Using 'UTF-8' encoding to copy filtered resources.
2019-09-19 16:18:39,468 [Worker-21: Building workspace] INFO  o.e.m.c.i.embedder.EclipseLogger - Copying 0 resource
2019-09-19 16:18:39,469 [Worker-21: Building workspace] INFO  o.e.m.c.i.embedder.EclipseLogger - Copying 0 resource
2019-09-19 16:18:39,471 [Worker-21: Building workspace] INFO  o.e.m.c.i.embedder.EclipseLogger - Using 'UTF-8' encoding to copy filtered resources.
2019-09-19 16:18:39,473 [Worker-21: Building workspace] INFO  o.e.m.c.i.embedder.EclipseLogger - skip non existing resourceDirectory E:\LamViec2\clickofbankservices\trunk\01.SourceCode\01.4Core\core\src\test\resources
2019-09-19 16:19:56,546 [Worker-25: Building workspace] INFO  o.e.m.c.i.embedder.EclipseLogger - Using 'UTF-8' encoding to copy filtered resources.
2019-09-19 16:19:56,547 [Worker-25: Building workspace] INFO  o.e.m.c.i.embedder.EclipseLogger - Copying 0 resource
2019-09-19 16:19:56,548 [Worker-25: Building workspace] INFO  o.e.m.c.i.embedder.EclipseLogger - Copying 0 resource
2019-09-19 16:19:56,550 [Worker-25: Building workspace] INFO  o.e.m.c.i.embedder.EclipseLogger - Using 'UTF-8' encoding to copy filtered resources.
2019-09-19 16:19:56,551 [Worker-25: Building workspace] INFO  o.e.m.c.i.embedder.EclipseLogger - skip non existing resourceDirectory E:\LamViec2\clickofbankservices\trunk\01.SourceCode\01.4Core\core\src\test\resources
2019-09-19 16:21:06,123 [Worker-22: Building workspace] INFO  o.e.m.c.i.embedder.EclipseLogger - Using 'UTF-8' encoding to copy filtered resources.
2019-09-19 16:21:06,126 [Worker-22: Building workspace] INFO  o.e.m.c.i.embedder.EclipseLogger - Copying 0 resource
2019-09-19 16:21:06,127 [Worker-22: Building workspace] INFO  o.e.m.c.i.embedder.EclipseLogger - Copying 1 resource
2019-09-19 16:21:06,149 [Worker-22: Building workspace] INFO  o.e.m.c.i.embedder.EclipseLogger - Using 'UTF-8' encoding to copy filtered resources.
2019-09-19 16:21:06,149 [Worker-22: Building workspace] INFO  o.e.m.c.i.embedder.EclipseLogger - skip non existing resourceDirectory E:\LamViec2\clickofbankservices\trunk\01.SourceCode\01.4Core\core\src\test\resources
2019-09-19 16:21:19,464 [Worker-13: Building workspace] INFO  o.e.m.c.i.embedder.EclipseLogger - Using 'UTF-8' encoding to copy filtered resources.
2019-09-19 16:21:19,464 [Worker-13: Building workspace] INFO  o.e.m.c.i.embedder.EclipseLogger - Copying 0 resource
2019-09-19 16:21:19,464 [Worker-13: Building workspace] INFO  o.e.m.c.i.embedder.EclipseLogger - Copying 0 resource
2019-09-19 16:21:19,470 [Worker-13: Building workspace] INFO  o.e.m.c.i.embedder.EclipseLogger - Using 'UTF-8' encoding to copy filtered resources.
2019-09-19 16:21:19,470 [Worker-13: Building workspace] INFO  o.e.m.c.i.embedder.EclipseLogger - skip non existing resourceDirectory E:\LamViec2\clickofbankservices\trunk\01.SourceCode\01.4Core\core\src\test\resources
2019-09-19 16:21:28,938 [Worker-21: Building workspace] INFO  o.e.m.c.i.embedder.EclipseLogger - Using 'UTF-8' encoding to copy filtered resources.
2019-09-19 16:21:28,939 [Worker-21: Building workspace] INFO  o.e.m.c.i.embedder.EclipseLogger - Copying 1 resource
2019-09-19 16:21:28,959 [Worker-21: Building workspace] INFO  o.e.m.c.i.embedder.EclipseLogger - Copying 0 resource
2019-09-19 16:21:28,962 [Worker-21: Building workspace] INFO  o.e.m.c.i.embedder.EclipseLogger - Using 'UTF-8' encoding to copy filtered resources.
2019-09-19 16:21:28,962 [Worker-21: Building workspace] INFO  o.e.m.c.i.embedder.EclipseLogger - skip non existing resourceDirectory E:\LamViec2\clickofbankservices\trunk\01.SourceCode\01.4Core\core\src\test\resources
2019-09-19 16:21:40,486 [Worker-21: Building workspace] INFO  o.e.m.c.i.embedder.EclipseLogger - Using 'UTF-8' encoding to copy filtered resources.
2019-09-19 16:21:40,487 [Worker-21: Building workspace] INFO  o.e.m.c.i.embedder.EclipseLogger - Copying 1 resource
2019-09-19 16:21:40,493 [Worker-21: Building workspace] INFO  o.e.m.c.i.embedder.EclipseLogger - Copying 0 resource
2019-09-19 16:21:40,495 [Worker-21: Building workspace] INFO  o.e.m.c.i.embedder.EclipseLogger - Using 'UTF-8' encoding to copy filtered resources.
2019-09-19 16:21:40,495 [Worker-21: Building workspace] INFO  o.e.m.c.i.embedder.EclipseLogger - skip non existing resourceDirectory E:\LamViec2\clickofbankservices\trunk\01.SourceCode\01.4Core\core\src\test\resources
2019-09-19 16:22:22,516 [Worker-4: Building workspace] INFO  o.e.m.c.i.embedder.EclipseLogger - Using 'UTF-8' encoding to copy filtered resources.
2019-09-19 16:22:22,516 [Worker-4: Building workspace] INFO  o.e.m.c.i.embedder.EclipseLogger - Copying 1 resource
2019-09-19 16:22:22,520 [Worker-4: Building workspace] INFO  o.e.m.c.i.embedder.EclipseLogger - Copying 0 resource
2019-09-19 16:22:22,522 [Worker-4: Building workspace] INFO  o.e.m.c.i.embedder.EclipseLogger - Using 'UTF-8' encoding to copy filtered resources.
2019-09-19 16:22:22,523 [Worker-4: Building workspace] INFO  o.e.m.c.i.embedder.EclipseLogger - skip non existing resourceDirectory E:\LamViec2\clickofbankservices\trunk\01.SourceCode\01.4Core\core\src\test\resources
2019-09-19 16:24:38,597 [Worker-22: Building workspace] INFO  o.e.m.c.i.embedder.EclipseLogger - Using 'UTF-8' encoding to copy filtered resources.
2019-09-19 16:24:38,598 [Worker-22: Building workspace] INFO  o.e.m.c.i.embedder.EclipseLogger - Copying 2 resources
2019-09-19 16:24:38,606 [Worker-22: Building workspace] INFO  o.e.m.c.i.embedder.EclipseLogger - Copying 0 resource
2019-09-19 16:24:38,609 [Worker-22: Building workspace] INFO  o.e.m.c.i.embedder.EclipseLogger - Using 'UTF-8' encoding to copy filtered resources.
2019-09-19 16:24:38,609 [Worker-22: Building workspace] INFO  o.e.m.c.i.embedder.EclipseLogger - skip non existing resourceDirectory E:\LamViec2\clickofbankservices\trunk\01.SourceCode\01.4Core\core\src\test\resources
2019-09-19 16:24:44,673 [Worker-22: Building workspace] INFO  o.e.m.c.i.embedder.EclipseLogger - Using 'UTF-8' encoding to copy filtered resources.
2019-09-19 16:24:44,673 [Worker-22: Building workspace] INFO  o.e.m.c.i.embedder.EclipseLogger - Copying 2 resources
2019-09-19 16:24:44,679 [Worker-22: Building workspace] INFO  o.e.m.c.i.embedder.EclipseLogger - Copying 0 resource
2019-09-19 16:24:44,682 [Worker-22: Building workspace] INFO  o.e.m.c.i.embedder.EclipseLogger - Using 'UTF-8' encoding to copy filtered resources.
2019-09-19 16:24:44,682 [Worker-22: Building workspace] INFO  o.e.m.c.i.embedder.EclipseLogger - skip non existing resourceDirectory E:\LamViec2\clickofbankservices\trunk\01.SourceCode\01.4Core\core\src\test\resources
2019-09-19 16:24:45,956 [Worker-31: Building workspace] INFO  o.e.m.c.i.embedder.EclipseLogger - Using 'UTF-8' encoding to copy filtered resources.
2019-09-19 16:24:45,957 [Worker-31: Building workspace] INFO  o.e.m.c.i.embedder.EclipseLogger - Copying 2 resources
2019-09-19 16:24:45,963 [Worker-31: Building workspace] INFO  o.e.m.c.i.embedder.EclipseLogger - Copying 0 resource
2019-09-19 16:24:45,966 [Worker-31: Building workspace] INFO  o.e.m.c.i.embedder.EclipseLogger - Using 'UTF-8' encoding to copy filtered resources.
2019-09-19 16:24:45,966 [Worker-31: Building workspace] INFO  o.e.m.c.i.embedder.EclipseLogger - skip non existing resourceDirectory E:\LamViec2\clickofbankservices\trunk\01.SourceCode\01.4Core\core\src\test\resources
2019-09-19 16:24:48,181 [Worker-31: Building workspace] INFO  o.e.m.c.i.embedder.EclipseLogger - Using 'UTF-8' encoding to copy filtered resources.
2019-09-19 16:24:48,181 [Worker-31: Building workspace] INFO  o.e.m.c.i.embedder.EclipseLogger - Copying 2 resources
2019-09-19 16:24:48,188 [Worker-31: Building workspace] INFO  o.e.m.c.i.embedder.EclipseLogger - Copying 0 resource
2019-09-19 16:24:48,191 [Worker-31: Building workspace] INFO  o.e.m.c.i.embedder.EclipseLogger - Using 'UTF-8' encoding to copy filtered resources.
2019-09-19 16:24:48,191 [Worker-31: Building workspace] INFO  o.e.m.c.i.embedder.EclipseLogger - skip non existing resourceDirectory E:\LamViec2\clickofbankservices\trunk\01.SourceCode\01.4Core\core\src\test\resources
2019-09-19 16:25:21,340 [Worker-31: Building workspace] INFO  o.e.m.c.i.embedder.EclipseLogger - Using 'UTF-8' encoding to copy filtered resources.
2019-09-19 16:25:21,342 [Worker-31: Building workspace] INFO  o.e.m.c.i.embedder.EclipseLogger - Copying 2 resources
2019-09-19 16:25:21,351 [Worker-31: Building workspace] INFO  o.e.m.c.i.embedder.EclipseLogger - Copying 0 resource
2019-09-19 16:25:21,356 [Worker-31: Building workspace] INFO  o.e.m.c.i.embedder.EclipseLogger - Using 'UTF-8' encoding to copy filtered resources.
2019-09-19 16:25:21,356 [Worker-31: Building workspace] INFO  o.e.m.c.i.embedder.EclipseLogger - skip non existing resourceDirectory E:\LamViec2\clickofbankservices\trunk\01.SourceCode\01.4Core\core\src\test\resources
2019-09-19 16:25:34,071 [Worker-32: Building workspace] INFO  o.e.m.c.i.embedder.EclipseLogger - Using 'UTF-8' encoding to copy filtered resources.
2019-09-19 16:25:34,071 [Worker-32: Building workspace] INFO  o.e.m.c.i.embedder.EclipseLogger - Copying 2 resources
2019-09-19 16:25:34,191 [Worker-32: Building workspace] INFO  o.e.m.c.i.embedder.EclipseLogger - Copying 0 resource
2019-09-19 16:25:34,203 [Worker-32: Building workspace] INFO  o.e.m.c.i.embedder.EclipseLogger - Using 'UTF-8' encoding to copy filtered resources.
2019-09-19 16:25:34,204 [Worker-32: Building workspace] INFO  o.e.m.c.i.embedder.EclipseLogger - skip non existing resourceDirectory E:\LamViec2\clickofbankservices\trunk\01.SourceCode\01.4Core\core\src\test\resources
2019-09-19 16:25:37,962 [Worker-22: Building workspace] INFO  o.e.m.c.i.embedder.EclipseLogger - Using 'UTF-8' encoding to copy filtered resources.
2019-09-19 16:25:37,963 [Worker-22: Building workspace] INFO  o.e.m.c.i.embedder.EclipseLogger - Copying 2 resources
2019-09-19 16:25:37,967 [Worker-22: Building workspace] INFO  o.e.m.c.i.embedder.EclipseLogger - Copying 0 resource
2019-09-19 16:25:37,969 [Worker-22: Building workspace] INFO  o.e.m.c.i.embedder.EclipseLogger - Using 'UTF-8' encoding to copy filtered resources.
2019-09-19 16:25:37,969 [Worker-22: Building workspace] INFO  o.e.m.c.i.embedder.EclipseLogger - skip non existing resourceDirectory E:\LamViec2\clickofbankservices\trunk\01.SourceCode\01.4Core\core\src\test\resources
2019-09-19 16:26:51,090 [Worker-22: Building workspace] INFO  o.e.m.c.i.embedder.EclipseLogger - Using 'UTF-8' encoding to copy filtered resources.
2019-09-19 16:26:51,091 [Worker-22: Building workspace] INFO  o.e.m.c.i.embedder.EclipseLogger - Copying 2 resources
2019-09-19 16:26:51,096 [Worker-22: Building workspace] INFO  o.e.m.c.i.embedder.EclipseLogger - Copying 0 resource
2019-09-19 16:26:51,098 [Worker-22: Building workspace] INFO  o.e.m.c.i.embedder.EclipseLogger - Using 'UTF-8' encoding to copy filtered resources.
2019-09-19 16:26:51,099 [Worker-22: Building workspace] INFO  o.e.m.c.i.embedder.EclipseLogger - skip non existing resourceDirectory E:\LamViec2\clickofbankservices\trunk\01.SourceCode\01.4Core\core\src\test\resources
2019-09-19 16:27:16,036 [Worker-22: Building workspace] INFO  o.e.m.c.i.embedder.EclipseLogger - Using 'UTF-8' encoding to copy filtered resources.
2019-09-19 16:27:16,037 [Worker-22: Building workspace] INFO  o.e.m.c.i.embedder.EclipseLogger - Copying 2 resources
2019-09-19 16:27:16,051 [Worker-22: Building workspace] INFO  o.e.m.c.i.embedder.EclipseLogger - Copying 0 resource
2019-09-19 16:27:16,053 [Worker-22: Building workspace] INFO  o.e.m.c.i.embedder.EclipseLogger - Using 'UTF-8' encoding to copy filtered resources.
2019-09-19 16:27:16,053 [Worker-22: Building workspace] INFO  o.e.m.c.i.embedder.EclipseLogger - skip non existing resourceDirectory E:\LamViec2\clickofbankservices\trunk\01.SourceCode\01.4Core\core\src\test\resources
2019-09-19 16:28:14,880 [Worker-32: Building workspace] INFO  o.e.m.c.i.embedder.EclipseLogger - Using 'UTF-8' encoding to copy filtered resources.
2019-09-19 16:28:14,881 [Worker-32: Building workspace] INFO  o.e.m.c.i.embedder.EclipseLogger - Copying 2 resources
2019-09-19 16:28:14,889 [Worker-32: Building workspace] INFO  o.e.m.c.i.embedder.EclipseLogger - Copying 0 resource
2019-09-19 16:28:14,891 [Worker-32: Building workspace] INFO  o.e.m.c.i.embedder.EclipseLogger - Using 'UTF-8' encoding to copy filtered resources.
2019-09-19 16:28:14,891 [Worker-32: Building workspace] INFO  o.e.m.c.i.embedder.EclipseLogger - skip non existing resourceDirectory E:\LamViec2\clickofbankservices\trunk\01.SourceCode\01.4Core\core\src\test\resources
2019-09-19 16:29:17,610 [Worker-32: Building workspace] INFO  o.e.m.c.i.embedder.EclipseLogger - Using 'UTF-8' encoding to copy filtered resources.
2019-09-19 16:29:17,611 [Worker-32: Building workspace] INFO  o.e.m.c.i.embedder.EclipseLogger - Copying 2 resources
2019-09-19 16:29:17,616 [Worker-32: Building workspace] INFO  o.e.m.c.i.embedder.EclipseLogger - Copying 0 resource
2019-09-19 16:29:17,619 [Worker-32: Building workspace] INFO  o.e.m.c.i.embedder.EclipseLogger - Using 'UTF-8' encoding to copy filtered resources.
2019-09-19 16:29:17,620 [Worker-32: Building workspace] INFO  o.e.m.c.i.embedder.EclipseLogger - skip non existing resourceDirectory E:\LamViec2\clickofbankservices\trunk\01.SourceCode\01.4Core\core\src\test\resources
2019-09-19 16:29:34,607 [Worker-33: Building workspace] INFO  o.e.m.c.i.embedder.EclipseLogger - Using 'UTF-8' encoding to copy filtered resources.
2019-09-19 16:29:34,609 [Worker-33: Building workspace] INFO  o.e.m.c.i.embedder.EclipseLogger - Copying 2 resources
2019-09-19 16:29:34,625 [Worker-33: Building workspace] INFO  o.e.m.c.i.embedder.EclipseLogger - Copying 0 resource
2019-09-19 16:29:34,628 [Worker-33: Building workspace] INFO  o.e.m.c.i.embedder.EclipseLogger - Using 'UTF-8' encoding to copy filtered resources.
2019-09-19 16:29:34,628 [Worker-33: Building workspace] INFO  o.e.m.c.i.embedder.EclipseLogger - skip non existing resourceDirectory E:\LamViec2\clickofbankservices\trunk\01.SourceCode\01.4Core\core\src\test\resources
2019-09-19 16:37:11,864 [Worker-30: Building workspace] INFO  o.e.m.c.i.embedder.EclipseLogger - Using 'UTF-8' encoding to copy filtered resources.
2019-09-19 16:37:11,865 [Worker-30: Building workspace] INFO  o.e.m.c.i.embedder.EclipseLogger - Copying 2 resources
2019-09-19 16:37:11,869 [Worker-30: Building workspace] INFO  o.e.m.c.i.embedder.EclipseLogger - Copying 0 resource
2019-09-19 16:37:11,871 [Worker-30: Building workspace] INFO  o.e.m.c.i.embedder.EclipseLogger - Using 'UTF-8' encoding to copy filtered resources.
2019-09-19 16:37:11,872 [Worker-30: Building workspace] INFO  o.e.m.c.i.embedder.EclipseLogger - skip non existing resourceDirectory E:\LamViec2\clickofbankservices\trunk\01.SourceCode\01.4Core\core\src\test\resources
2019-09-19 16:37:15,712 [Worker-36: Building workspace] INFO  o.e.m.c.i.embedder.EclipseLogger - Using 'UTF-8' encoding to copy filtered resources.
2019-09-19 16:37:15,713 [Worker-36: Building workspace] INFO  o.e.m.c.i.embedder.EclipseLogger - Copying 2 resources
2019-09-19 16:37:15,719 [Worker-36: Building workspace] INFO  o.e.m.c.i.embedder.EclipseLogger - Copying 0 resource
2019-09-19 16:37:15,721 [Worker-36: Building workspace] INFO  o.e.m.c.i.embedder.EclipseLogger - Using 'UTF-8' encoding to copy filtered resources.
2019-09-19 16:37:15,721 [Worker-36: Building workspace] INFO  o.e.m.c.i.embedder.EclipseLogger - skip non existing resourceDirectory E:\LamViec2\clickofbankservices\trunk\01.SourceCode\01.4Core\core\src\test\resources
2019-09-19 16:37:33,944 [Worker-36: Building workspace] INFO  o.e.m.c.i.embedder.EclipseLogger - Using 'UTF-8' encoding to copy filtered resources.
2019-09-19 16:37:33,944 [Worker-36: Building workspace] INFO  o.e.m.c.i.embedder.EclipseLogger - Copying 2 resources
2019-09-19 16:37:33,950 [Worker-36: Building workspace] INFO  o.e.m.c.i.embedder.EclipseLogger - Copying 0 resource
2019-09-19 16:37:33,952 [Worker-36: Building workspace] INFO  o.e.m.c.i.embedder.EclipseLogger - Using 'UTF-8' encoding to copy filtered resources.
2019-09-19 16:37:33,953 [Worker-36: Building workspace] INFO  o.e.m.c.i.embedder.EclipseLogger - skip non existing resourceDirectory E:\LamViec2\clickofbankservices\trunk\01.SourceCode\01.4Core\core\src\test\resources
2019-09-19 16:37:56,671 [Worker-36: Building workspace] INFO  o.e.m.c.i.embedder.EclipseLogger - Using 'UTF-8' encoding to copy filtered resources.
2019-09-19 16:37:56,671 [Worker-36: Building workspace] INFO  o.e.m.c.i.embedder.EclipseLogger - Copying 2 resources
2019-09-19 16:37:56,677 [Worker-36: Building workspace] INFO  o.e.m.c.i.embedder.EclipseLogger - Copying 0 resource
2019-09-19 16:37:56,680 [Worker-36: Building workspace] INFO  o.e.m.c.i.embedder.EclipseLogger - Using 'UTF-8' encoding to copy filtered resources.
2019-09-19 16:37:56,680 [Worker-36: Building workspace] INFO  o.e.m.c.i.embedder.EclipseLogger - skip non existing resourceDirectory E:\LamViec2\clickofbankservices\trunk\01.SourceCode\01.4Core\core\src\test\resources
2019-09-19 16:38:00,842 [Worker-37: Building workspace] INFO  o.e.m.c.i.embedder.EclipseLogger - Using 'UTF-8' encoding to copy filtered resources.
2019-09-19 16:38:00,843 [Worker-37: Building workspace] INFO  o.e.m.c.i.embedder.EclipseLogger - Copying 2 resources
2019-09-19 16:38:00,848 [Worker-37: Building workspace] INFO  o.e.m.c.i.embedder.EclipseLogger - Copying 0 resource
2019-09-19 16:38:00,851 [Worker-37: Building workspace] INFO  o.e.m.c.i.embedder.EclipseLogger - Using 'UTF-8' encoding to copy filtered resources.
2019-09-19 16:38:00,851 [Worker-37: Building workspace] INFO  o.e.m.c.i.embedder.EclipseLogger - skip non existing resourceDirectory E:\LamViec2\clickofbankservices\trunk\01.SourceCode\01.4Core\core\src\test\resources
2019-09-19 16:38:37,404 [Worker-30: Building workspace] INFO  o.e.m.c.i.embedder.EclipseLogger - Using 'UTF-8' encoding to copy filtered resources.
2019-09-19 16:38:37,405 [Worker-30: Building workspace] INFO  o.e.m.c.i.embedder.EclipseLogger - Copying 2 resources
2019-09-19 16:38:37,411 [Worker-30: Building workspace] INFO  o.e.m.c.i.embedder.EclipseLogger - Copying 0 resource
2019-09-19 16:38:37,414 [Worker-30: Building workspace] INFO  o.e.m.c.i.embedder.EclipseLogger - Using 'UTF-8' encoding to copy filtered resources.
2019-09-19 16:38:37,414 [Worker-30: Building workspace] INFO  o.e.m.c.i.embedder.EclipseLogger - skip non existing resourceDirectory E:\LamViec2\clickofbankservices\trunk\01.SourceCode\01.4Core\core\src\test\resources
2019-09-19 16:38:50,215 [Worker-38: Building workspace] INFO  o.e.m.c.i.embedder.EclipseLogger - Using 'UTF-8' encoding to copy filtered resources.
2019-09-19 16:38:50,216 [Worker-38: Building workspace] INFO  o.e.m.c.i.embedder.EclipseLogger - Copying 2 resources
2019-09-19 16:38:50,275 [Worker-38: Building workspace] INFO  o.e.m.c.i.embedder.EclipseLogger - Copying 0 resource
2019-09-19 16:38:50,278 [Worker-38: Building workspace] INFO  o.e.m.c.i.embedder.EclipseLogger - Using 'UTF-8' encoding to copy filtered resources.
2019-09-19 16:38:50,278 [Worker-38: Building workspace] INFO  o.e.m.c.i.embedder.EclipseLogger - skip non existing resourceDirectory E:\LamViec2\clickofbankservices\trunk\01.SourceCode\01.4Core\core\src\test\resources
2019-09-19 16:39:35,658 [Worker-34: Building workspace] INFO  o.e.m.c.i.embedder.EclipseLogger - Using 'UTF-8' encoding to copy filtered resources.
2019-09-19 16:39:35,660 [Worker-34: Building workspace] INFO  o.e.m.c.i.embedder.EclipseLogger - Copying 2 resources
2019-09-19 16:39:35,668 [Worker-34: Building workspace] INFO  o.e.m.c.i.embedder.EclipseLogger - Copying 0 resource
2019-09-19 16:39:35,672 [Worker-34: Building workspace] INFO  o.e.m.c.i.embedder.EclipseLogger - Using 'UTF-8' encoding to copy filtered resources.
2019-09-19 16:39:35,672 [Worker-34: Building workspace] INFO  o.e.m.c.i.embedder.EclipseLogger - skip non existing resourceDirectory E:\LamViec2\clickofbankservices\trunk\01.SourceCode\01.4Core\core\src\test\resources
2019-09-19 16:39:49,123 [Worker-36: Building workspace] INFO  o.e.m.c.i.embedder.EclipseLogger - Using 'UTF-8' encoding to copy filtered resources.
2019-09-19 16:39:49,124 [Worker-36: Building workspace] INFO  o.e.m.c.i.embedder.EclipseLogger - Copying 2 resources
2019-09-19 16:39:49,133 [Worker-36: Building workspace] INFO  o.e.m.c.i.embedder.EclipseLogger - Copying 0 resource
2019-09-19 16:39:49,136 [Worker-36: Building workspace] INFO  o.e.m.c.i.embedder.EclipseLogger - Using 'UTF-8' encoding to copy filtered resources.
2019-09-19 16:39:49,136 [Worker-36: Building workspace] INFO  o.e.m.c.i.embedder.EclipseLogger - skip non existing resourceDirectory E:\LamViec2\clickofbankservices\trunk\01.SourceCode\01.4Core\core\src\test\resources
2019-09-19 16:40:06,671 [Worker-36: Building workspace] INFO  o.e.m.c.i.embedder.EclipseLogger - Using 'UTF-8' encoding to copy filtered resources.
2019-09-19 16:40:06,672 [Worker-36: Building workspace] INFO  o.e.m.c.i.embedder.EclipseLogger - Copying 2 resources
2019-09-19 16:40:06,698 [Worker-36: Building workspace] INFO  o.e.m.c.i.embedder.EclipseLogger - Copying 0 resource
2019-09-19 16:40:06,702 [Worker-36: Building workspace] INFO  o.e.m.c.i.embedder.EclipseLogger - Using 'UTF-8' encoding to copy filtered resources.
2019-09-19 16:40:06,703 [Worker-36: Building workspace] INFO  o.e.m.c.i.embedder.EclipseLogger - skip non existing resourceDirectory E:\LamViec2\clickofbankservices\trunk\01.SourceCode\01.4Core\core\src\test\resources
2019-09-19 16:40:22,844 [Worker-34: Building workspace] INFO  o.e.m.c.i.embedder.EclipseLogger - Using 'UTF-8' encoding to copy filtered resources.
2019-09-19 16:40:22,844 [Worker-34: Building workspace] INFO  o.e.m.c.i.embedder.EclipseLogger - Copying 1 resource
2019-09-19 16:40:22,847 [Worker-34: Building workspace] INFO  o.e.m.c.i.embedder.EclipseLogger - Copying 0 resource
2019-09-19 16:40:22,850 [Worker-34: Building workspace] INFO  o.e.m.c.i.embedder.EclipseLogger - Using 'UTF-8' encoding to copy filtered resources.
2019-09-19 16:40:22,850 [Worker-34: Building workspace] INFO  o.e.m.c.i.embedder.EclipseLogger - skip non existing resourceDirectory E:\LamViec2\clickofbankservices\trunk\01.SourceCode\01.4Core\core\src\test\resources
2019-09-19 16:40:37,706 [Worker-35: Building workspace] INFO  o.e.m.c.i.embedder.EclipseLogger - Using 'UTF-8' encoding to copy filtered resources.
2019-09-19 16:40:37,707 [Worker-35: Building workspace] INFO  o.e.m.c.i.embedder.EclipseLogger - Copying 2 resources
2019-09-19 16:40:37,714 [Worker-35: Building workspace] INFO  o.e.m.c.i.embedder.EclipseLogger - Copying 0 resource
2019-09-19 16:40:37,718 [Worker-35: Building workspace] INFO  o.e.m.c.i.embedder.EclipseLogger - Using 'UTF-8' encoding to copy filtered resources.
2019-09-19 16:40:37,719 [Worker-35: Building workspace] INFO  o.e.m.c.i.embedder.EclipseLogger - skip non existing resourceDirectory E:\LamViec2\clickofbankservices\trunk\01.SourceCode\01.4Core\core\src\test\resources
2019-09-19 16:42:40,112 [Worker-35: Building workspace] INFO  o.e.m.c.i.embedder.EclipseLogger - Using 'UTF-8' encoding to copy filtered resources.
2019-09-19 16:42:40,113 [Worker-35: Building workspace] INFO  o.e.m.c.i.embedder.EclipseLogger - Copying 2 resources
2019-09-19 16:42:40,118 [Worker-35: Building workspace] INFO  o.e.m.c.i.embedder.EclipseLogger - Copying 0 resource
2019-09-19 16:42:40,120 [Worker-35: Building workspace] INFO  o.e.m.c.i.embedder.EclipseLogger - Using 'UTF-8' encoding to copy filtered resources.
2019-09-19 16:42:40,120 [Worker-35: Building workspace] INFO  o.e.m.c.i.embedder.EclipseLogger - skip non existing resourceDirectory E:\LamViec2\clickofbankservices\trunk\01.SourceCode\01.4Core\core\src\test\resources
